#
# A fatal error has been detected by the Java Runtime Environment:
#
#  EXCEPTION_ACCESS_VIOLATION (0xc0000005) at pc=0x0000000076e708c5, pid=4756, tid=4892
#
# JRE version: 6.0_17-b04
# Java VM: Java HotSpot(TM) 64-Bit Server VM (14.3-b01 mixed mode windows-amd64 )
# Problematic frame:
# C  [ntdll.dll+0x508c5]
#
# If you would like to submit a bug report, please visit:
#   http://java.sun.com/webapps/bugreport/crash.jsp
#

---------------  T H R E A D  ---------------

Current thread (0x000000006f0a6000):  JavaThread "AWT-EventQueue-0" [_thread_in_Java, id=4892, stack(0x0000000025a80000,0x0000000025b00000)]

siginfo: ExceptionCode=0xc0000005, reading address 0xffffffffffffffff

Registers:
EAX=0x0000000025afde28, EBX=0x0000000000000002, ECX=0x0000000025afdef8, EDX=0x0000000025afde68
ESP=0x0000000025afde18, EBP=0x000007feee972410, ESI=0x0000000000000020, EDI=0x0000000000000000
EIP=0x0000000076e708c5, EFLAGS=0x0000000000010202

Top of Stack: (sp=0x0000000025afde18)
0x0000000025afde18:   0000000000000202 0000000076e2b219
0x0000000025afde28:   000007ffffe5e000 0000000000000000
0x0000000025afde38:   0000000025afe020 0000000025afe050
0x0000000025afde48:   000000005e3bf3a0 0000000100000001
0x0000000025afde58:   000000007c4c0ab0 000000007c4c0b00
0x0000000025afde68:   0000000025b00000 0000000025ae1000
0x0000000025afde78:   0000000036e19510 0000000000000000
0x0000000025afde88:   0000000000000000 0000000025afe670
0x0000000025afde98:   0000000025afe640 0000000036cb6f7a
0x0000000025afdea8:   0000000036cb6f10 0000000000000000
0x0000000025afdeb8:   0000000000000000 0000000025afe640
0x0000000025afdec8:   0000000025afe6a0 0000000036c85d74
0x0000000025afded8:   0000000036c84e90 0000000000000000
0x0000000025afdee8:   0000000025afe6f0 0000000025afe6a0
0x0000000025afdef8:   0000000025afe6a0 0000000036c85d74
0x0000000025afdf08:   0000000036c84e90 0000000000000000 

Instructions: (pc=0x0000000076e708c5)
0x0000000076e708b5:   00 00 4c 89 b1 e8 00 00 00 4c 89 b9 f0 00 00 00
0x0000000076e708c5:   0f ae 81 00 01 00 00 0f 29 81 a0 01 00 00 0f 29 


Stack: [0x0000000025a80000,0x0000000025b00000],  sp=0x0000000025afde18,  free space=503k
Native frames: (J=compiled Java code, j=interpreted, Vv=VM code, C=native code)
C  [ntdll.dll+0x508c5]

Java frames: (J=compiled Java code, j=interpreted, Vv=VM code)
v  blob 0x0000000036cb7039
j  org.apache.xerces.dom.ParentNode.hasChildNodes()Z+15
j  com.icl.saxon.DOMDriver.walkNode(Lorg/w3c/dom/Node;)V+1
j  com.icl.saxon.DOMDriver.walkNode(Lorg/w3c/dom/Node;)V+717
j  com.icl.saxon.DOMDriver.walkNode(Lorg/w3c/dom/Node;)V+717
j  com.icl.saxon.DOMDriver.parse()V+85
j  com.icl.saxon.DOMDriver.parse(Lorg/xml/sax/InputSource;)V+1
j  com.icl.saxon.IdentityTransformer.transform(Ljavax/xml/transform/Source;Ljavax/xml/transform/Result;)V+246
j  com.mathworks.xml.XMLUtils.serializeXML(Ljava/lang/Object;Ljava/lang/Object;Ljava/lang/String;)V+123
j  com.mathworks.widgets.desk.Desktop.saveLayout(Ljava/io/OutputStream;ZZZZ)V+131
j  com.mathworks.widgets.desk.Desktop$38.call()Ljava/lang/Boolean;+108
j  com.mathworks.widgets.desk.Desktop$38.call()Ljava/lang/Object;+1
j  com.mathworks.widgets.desk.Desktop.deferredCall(Lcom/mathworks/widgets/desk/Desktop$CallableWrapper;Ljava/lang/Object;)Ljava/lang/Object;+7
j  com.mathworks.widgets.desk.Desktop.saveLayout(Ljava/lang/String;)Z+13
j  com.mathworks.widgets.desk.DTLayoutSaveManager.performSave()V+80
j  com.mathworks.widgets.desk.DTLayoutSaveManager.access$500(Lcom/mathworks/widgets/desk/DTLayoutSaveManager;)V+1
j  com.mathworks.widgets.desk.DTLayoutSaveManager$1.actionPerformed(Ljava/awt/event/ActionEvent;)V+14
j  javax.swing.Timer.fireActionPerformed(Ljava/awt/event/ActionEvent;)V+35
j  javax.swing.Timer$DoPostEvent.run()V+71
j  java.awt.event.InvocationEvent.dispatch()V+47
j  java.awt.EventQueue.dispatchEvent(Ljava/awt/AWTEvent;)V+26
j  java.awt.EventDispatchThread.pumpOneEventForFilters(I)Z+204
j  java.awt.EventDispatchThread.pumpEventsForFilter(ILjava/awt/Conditional;Ljava/awt/EventFilter;)V+30
j  java.awt.EventDispatchThread.pumpEventsForHierarchy(ILjava/awt/Conditional;Ljava/awt/Component;)V+11
j  java.awt.EventDispatchThread.pumpEvents(ILjava/awt/Conditional;)V+4
j  java.awt.EventDispatchThread.pumpEvents(Ljava/awt/Conditional;)V+3
j  java.awt.EventDispatchThread.run()V+9
v  ~StubRoutines::call_stub

---------------  P R O C E S S  ---------------

Java Threads: ( => current thread )
  0x000000006f31c800 JavaThread "RequestQueue for GenericFileList" [_thread_blocked, id=5032, stack(0x00000000320d0000,0x0000000032150000)]
  0x000000006f319800 JavaThread "Timer-5" daemon [_thread_blocked, id=4976, stack(0x00000000361e0000,0x0000000036260000)]
  0x000000006f317800 JavaThread "Prefs Updater" daemon [_thread_blocked, id=4940, stack(0x000000006b230000,0x000000006b2b0000)]
  0x000000006f317000 JavaThread "Timer-1" [_thread_blocked, id=4932, stack(0x000000006b3c0000,0x000000006b440000)]
  0x000000006f316000 JavaThread "FelixPackageAdmin" daemon [_thread_blocked, id=4916, stack(0x000000006b190000,0x000000006b210000)]
  0x000000006f352000 JavaThread "FelixStartLevel" daemon [_thread_blocked, id=4912, stack(0x00000000154e0000,0x0000000015560000)]
  0x000000006f555800 JavaThread "FelixDispatchQueue" daemon [_thread_blocked, id=4908, stack(0x000000005a140000,0x000000005a1c0000)]
  0x000000006f267800 JavaThread "TimerQueue" daemon [_thread_blocked, id=4900, stack(0x0000000029b40000,0x0000000029bc0000)]
=>0x000000006f0a6000 JavaThread "AWT-EventQueue-0" [_thread_in_Java, id=4892, stack(0x0000000025a80000,0x0000000025b00000)]
  0x000000006f0f6000 JavaThread "com.google.common.base.internal.Finalizer" daemon [_thread_blocked, id=4888, stack(0x000000001d980000,0x000000001da00000)]
  0x000000006ef74800 JavaThread "AWT-Windows" daemon [_thread_in_native, id=4880, stack(0x0000000015460000,0x00000000154e0000)]
  0x000000006ef72000 JavaThread "AWT-Shutdown" [_thread_blocked, id=4876, stack(0x0000000015620000,0x00000000156a0000)]
  0x000000006eded000 JavaThread "Java2D Disposer" daemon [_thread_blocked, id=4872, stack(0x000000000b990000,0x000000000ba10000)]
  0x000000006a755000 JavaThread "Timer-0" [_thread_blocked, id=4868, stack(0x0000000010ed0000,0x0000000010f50000)]
  0x000000006edf9000 JavaThread "JMI Unnamed Thread" [_thread_in_native, id=4768, stack(0x000000000ba10000,0x000000000fa10000)]
  0x000000005e2d0800 JavaThread "Low Memory Detector" daemon [_thread_blocked, id=4860, stack(0x0000000014ff0000,0x0000000015070000)]
  0x000000005e2c9000 JavaThread "CompilerThread1" daemon [_thread_blocked, id=4856, stack(0x0000000066520000,0x000000006a520000)]
  0x000000005e2c1800 JavaThread "CompilerThread0" daemon [_thread_blocked, id=4852, stack(0x0000000062520000,0x0000000066520000)]
  0x000000005e2c0800 JavaThread "Attach Listener" daemon [_thread_blocked, id=4848, stack(0x000000000fdc0000,0x000000000fe40000)]
  0x000000005e267800 JavaThread "Finalizer" daemon [_thread_blocked, id=4844, stack(0x000000000ff50000,0x000000000ffd0000)]
  0x00000000050ee800 JavaThread "Reference Handler" daemon [_thread_blocked, id=4840, stack(0x000000000fd00000,0x000000000fd80000)]
  0x0000000005033000 JavaThread "main" [_thread_in_native, id=4760, stack(0x0000000000210000,0x0000000004210000)]

Other Threads:
  0x00000000050ed800 VMThread [stack: 0x000000005e4d0000,0x00000000624d0000] [id=4836]
  0x000000005e2f4000 WatcherThread [stack: 0x0000000080000000,0x0000000084000000] [id=4864]

VM state:not at safepoint (normal execution)

VM Mutex/Monitor currently owned by a thread: None

Heap
 PSYoungGen      total 33536K, used 21614K [0x000000004af80000, 0x000000004e080000, 0x000000004e080000)
  eden space 19072K, 55% used [0x000000004af80000,0x000000004b9e8728,0x000000004c220000)
  from space 14464K, 75% used [0x000000004d260000,0x000000004dd13410,0x000000004e080000)
  to   space 15552K, 0% used [0x000000004c220000,0x000000004c220000,0x000000004d150000)
 PSOldGen        total 59136K, used 26153K [0x0000000041c80000, 0x0000000045640000, 0x000000004af80000)
  object space 59136K, 44% used [0x0000000041c80000,0x000000004360a550,0x0000000045640000)
 PSPermGen       total 85760K, used 52994K [0x0000000039c80000, 0x000000003f040000, 0x0000000041c80000)
  object space 85760K, 61% used [0x0000000039c80000,0x000000003d040ae8,0x000000003f040000)

Dynamic libraries:
0x000000013f020000 - 0x000000013f049000 	C:\Program Files\MATLAB\R2011b\bin\win64\MATLAB.exe
0x0000000076e20000 - 0x0000000076fc9000 	C:\Windows\SYSTEM32\ntdll.dll
0x0000000076c00000 - 0x0000000076d1f000 	C:\Windows\system32\kernel32.dll
0x000007fefcce0000 - 0x000007fefcd4b000 	C:\Windows\system32\KERNELBASE.dll
0x0000000074460000 - 0x0000000074563000 	C:\Program Files\MATLAB\R2011b\bin\win64\libut.dll
0x00000000758a0000 - 0x0000000075944000 	C:\Program Files\MATLAB\R2011b\bin\win64\libmwi18n.dll
0x0000000180000000 - 0x000000018000b000 	C:\Program Files\MATLAB\R2011b\bin\win64\libmwresource_core.dll
0x0000000071c70000 - 0x0000000071d43000 	C:\Windows\WinSxS\amd64_microsoft.vc90.crt_1fc8b3b9a1e18e3b_9.0.30729.6161_none_08e61857a83bc251\MSVCP90.dll
0x0000000071b70000 - 0x0000000071c13000 	C:\Windows\WinSxS\amd64_microsoft.vc90.crt_1fc8b3b9a1e18e3b_9.0.30729.6161_none_08e61857a83bc251\MSVCR90.dll
0x000000007a170000 - 0x000000007a19c000 	C:\Program Files\MATLAB\R2011b\bin\win64\boost_filesystem-vc90-mt-1_44.dll
0x000000007a560000 - 0x000000007a569000 	C:\Program Files\MATLAB\R2011b\bin\win64\boost_system-vc90-mt-1_44.dll
0x000007fefd800000 - 0x000007fefd8db000 	C:\Windows\system32\ADVAPI32.dll
0x000007fefd980000 - 0x000007fefda1f000 	C:\Windows\system32\msvcrt.dll
0x000007fefd700000 - 0x000007fefd71f000 	C:\Windows\SYSTEM32\sechost.dll
0x000007fefdb70000 - 0x000007fefdc9d000 	C:\Windows\system32\RPCRT4.dll
0x000000007a010000 - 0x000000007a035000 	C:\Program Files\MATLAB\R2011b\bin\win64\LIBEXPAT.dll
0x0000000073b30000 - 0x0000000073d21000 	C:\Program Files\MATLAB\R2011b\bin\win64\icuin44.dll
0x0000000073db0000 - 0x0000000073f21000 	C:\Program Files\MATLAB\R2011b\bin\win64\icuuc44.dll
0x0000000010000000 - 0x0000000010e41000 	C:\Program Files\MATLAB\R2011b\bin\win64\icudt44.dll
0x0000000073f70000 - 0x00000000740b5000 	C:\Program Files\MATLAB\R2011b\bin\win64\libmwfl.dll
0x000000007a350000 - 0x000000007a556000 	C:\Program Files\MATLAB\R2011b\bin\win64\libmwMATLAB_res.dll
0x0000000000200000 - 0x0000000000210000 	C:\Program Files\MATLAB\R2011b\bin\win64\boost_date_time-vc90-mt-1_44.dll
0x000000007a250000 - 0x000000007a263000 	C:\Program Files\MATLAB\R2011b\bin\win64\boost_signals-vc90-mt-1_44.dll
0x000000007a2d0000 - 0x000000007a2e2000 	C:\Program Files\MATLAB\R2011b\bin\win64\boost_thread-vc90-mt-1_44.dll
0x00000000042b0000 - 0x00000000042f6000 	C:\Program Files\MATLAB\R2011b\bin\win64\tbb.dll
0x000007fefd960000 - 0x000007fefd979000 	C:\Windows\system32\imagehlp.dll
0x0000000076fe0000 - 0x0000000076fe7000 	C:\Windows\system32\PSAPI.DLL
0x0000000073d90000 - 0x0000000073da3000 	C:\Program Files\MATLAB\R2011b\bin\win64\icuio44.dll
0x000007fef6db0000 - 0x000007fef6ed5000 	C:\Windows\system32\dbghelp.dll
0x0000000076d20000 - 0x0000000076e1a000 	C:\Windows\system32\USER32.dll
0x000007fefda30000 - 0x000007fefda97000 	C:\Windows\system32\GDI32.dll
0x000007fefeef0000 - 0x000007fefeefe000 	C:\Windows\system32\LPK.dll
0x000007fefdaa0000 - 0x000007fefdb69000 	C:\Windows\system32\USP10.dll
0x000000007bed0000 - 0x000000007c148000 	C:\Program Files\MATLAB\R2011b\bin\win64\libmwservices.dll
0x0000000075a20000 - 0x0000000075ad5000 	C:\Program Files\MATLAB\R2011b\bin\win64\libmx.dll
0x000000007a210000 - 0x000000007a228000 	C:\Program Files\MATLAB\R2011b\bin\win64\zlib1.dll
0x0000000074330000 - 0x0000000074453000 	C:\Program Files\MATLAB\R2011b\bin\win64\libmwmathutil.dll
0x0000000075f10000 - 0x0000000075f5d000 	C:\Program Files\MATLAB\R2011b\bin\win64\mpath.dll
0x000000007b680000 - 0x000000007bb4d000 	C:\Program Files\MATLAB\R2011b\bin\win64\mlutil.dll
0x0000000073ab0000 - 0x0000000073b2f000 	C:\Program Files\MATLAB\R2011b\bin\win64\xmlcore.dll
0x000000007bc30000 - 0x000000007be83000 	C:\Program Files\MATLAB\R2011b\bin\win64\xerces-c_2_7.dll
0x000007fefd8e0000 - 0x000007fefd92d000 	C:\Windows\system32\WS2_32.dll
0x000007fefda20000 - 0x000007fefda28000 	C:\Windows\system32\NSI.dll
0x00000000043a0000 - 0x00000000043b6000 	C:\Program Files\MATLAB\R2011b\bin\win64\libmwsettings_res.dll
0x00000000043d0000 - 0x0000000004417000 	C:\Program Files\MATLAB\R2011b\bin\win64\boost_serialization-vc90-mt-1_44.dll
0x000007fefde60000 - 0x000007fefebe8000 	C:\Windows\system32\SHELL32.dll
0x000007fefd0b0000 - 0x000007fefd121000 	C:\Windows\system32\SHLWAPI.dll
0x000007fef99a0000 - 0x000007fef9a40000 	C:\Windows\WinSxS\amd64_microsoft.windows.common-controls_6595b64144ccf1df_5.82.7601.18201_none_a4d3b9377117c3df\COMCTL32.dll
0x000007fefd010000 - 0x000007fefd0a7000 	C:\Windows\system32\COMDLG32.dll
0x000007fefab60000 - 0x000007fefab76000 	C:\Windows\system32\NETAPI32.dll
0x000007fefc0a0000 - 0x000007fefc0ac000 	C:\Windows\system32\netutils.dll
0x000007fefc7f0000 - 0x000007fefc813000 	C:\Windows\system32\srvcli.dll
0x000007fefab40000 - 0x000007fefab55000 	C:\Windows\system32\wkscli.dll
0x000007fefd4f0000 - 0x000007fefd6f3000 	C:\Windows\system32\ole32.dll
0x000007fefd720000 - 0x000007fefd7f7000 	C:\Windows\system32\OLEAUT32.dll
0x0000000074970000 - 0x0000000074a41000 	C:\Program Files\MATLAB\R2011b\bin\win64\mcr.dll
0x0000000075000000 - 0x0000000075324000 	C:\Program Files\MATLAB\R2011b\bin\win64\iqm.dll
0x000000006c780000 - 0x000000006cf50000 	C:\Program Files\MATLAB\R2011b\bin\win64\m_interpreter.dll
0x0000000073d70000 - 0x0000000073d85000 	C:\Program Files\MATLAB\R2011b\bin\win64\libmex.dll
0x0000000073000000 - 0x00000000730ae000 	C:\Program Files\MATLAB\R2011b\bin\win64\m_dispatcher.dll
0x0000000074880000 - 0x000000007496d000 	C:\Program Files\MATLAB\R2011b\bin\win64\boost_regex-vc90-mt-1_44.dll
0x00000000730d0000 - 0x0000000073154000 	C:\Program Files\MATLAB\R2011b\bin\win64\profiler.dll
0x0000000079f40000 - 0x0000000079f73000 	C:\Program Files\MATLAB\R2011b\bin\win64\libmwmathrng.dll
0x0000000074c10000 - 0x0000000074cea000 	C:\Program Files\MATLAB\R2011b\bin\win64\libmwmathcore.dll
0x0000000076160000 - 0x00000000761cb000 	C:\Program Files\MATLAB\R2011b\bin\win64\libmwspmatrix.dll
0x0000000075ea0000 - 0x0000000075f02000 	C:\Program Files\MATLAB\R2011b\bin\win64\libmwcholmod.dll
0x00000000044e0000 - 0x00000000044ed000 	C:\Program Files\MATLAB\R2011b\bin\win64\libmwamd.dll
0x0000000004500000 - 0x000000000450c000 	C:\Program Files\MATLAB\R2011b\bin\win64\libmwcolamd.dll
0x0000000073d50000 - 0x0000000073d69000 	C:\Program Files\MATLAB\R2011b\bin\win64\libmwblas.dll
0x0000000073d30000 - 0x0000000073d42000 	C:\Program Files\MATLAB\R2011b\bin\win64\libmwbinder.dll
0x0000000073aa0000 - 0x0000000073aab000 	C:\Program Files\MATLAB\R2011b\bin\win64\libmwompwrapper.dll
0x0000000072f70000 - 0x0000000072ff2000 	C:\Program Files\MATLAB\R2011b\bin\win64\libmwlapack.dll
0x0000000072f40000 - 0x0000000072f61000 	C:\Program Files\MATLAB\R2011b\bin\win64\m_pcodeio.dll
0x0000000079b10000 - 0x0000000079b77000 	C:\Program Files\MATLAB\R2011b\bin\win64\m_ir.dll
0x000000006d0e0000 - 0x000000006d720000 	C:\Program Files\MATLAB\R2011b\bin\win64\m_parser.dll
0x00000000730b0000 - 0x00000000730ca000 	C:\Program Files\MATLAB\R2011b\bin\win64\ir_xfmr.dll
0x000000006df70000 - 0x000000006e1f5000 	C:\Program Files\MATLAB\R2011b\bin\win64\mcos.dll
0x0000000073f40000 - 0x0000000073f4c000 	C:\Program Files\MATLAB\R2011b\bin\win64\mtok.dll
0x0000000072f00000 - 0x0000000072f31000 	C:\Program Files\MATLAB\R2011b\bin\win64\m_pcodegen.dll
0x0000000079fb0000 - 0x0000000079fe5000 	C:\Program Files\MATLAB\R2011b\bin\win64\libmwbridge.dll
0x0000000072e30000 - 0x0000000072ef8000 	C:\Program Files\MATLAB\R2011b\bin\win64\udd.dll
0x000000006e340000 - 0x000000006e487000 	C:\Program Files\MATLAB\R2011b\bin\win64\libmwgui.dll
0x0000000072e10000 - 0x0000000072e27000 	C:\Program Files\MATLAB\R2011b\bin\win64\graphics_util.dll
0x000000006bdd0000 - 0x000000006c780000 	C:\Program Files\MATLAB\R2011b\bin\win64\hg.dll
0x0000000076100000 - 0x0000000076158000 	C:\Program Files\MATLAB\R2011b\bin\win64\libmat.dll
0x0000000004630000 - 0x0000000004844000 	C:\Program Files\MATLAB\R2011b\bin\win64\hdf5dll.dll
0x0000000075710000 - 0x000000007579d000 	C:\Program Files\MATLAB\R2011b\bin\win64\jmi.dll
0x0000000004870000 - 0x000000000487e000 	C:\Program Files\MATLAB\R2011b\bin\win64\nativejava_services.dll
0x0000000072dc0000 - 0x0000000072e03000 	C:\Program Files\MATLAB\R2011b\bin\win64\libmwhardcopy.dll
0x0000000072880000 - 0x00000000728e3000 	C:\Program Files\MATLAB\R2011b\bin\win64\libuij.dll
0x000000006d9e0000 - 0x000000006dbe7000 	C:\Program Files\MATLAB\R2011b\bin\win64\hgdatatypes.dll
0x0000000072780000 - 0x0000000072879000 	C:\Program Files\MATLAB\R2011b\bin\win64\hgutils.dll
0x000000006e280000 - 0x000000006e33d000 	C:\Program Files\MATLAB\R2011b\bin\win64\udd_mi.dll
0x00000000048e0000 - 0x0000000004ba9000 	C:\Program Files\MATLAB\R2011b\bin\win64\uiw.dll
0x0000000073a90000 - 0x0000000073a9f000 	C:\Program Files\MATLAB\R2011b\bin\win64\uinone.dll
0x000007fef68b0000 - 0x000007fef68c8000 	C:\Windows\system32\MPR.dll
0x000000006b8e0000 - 0x000000006bdc4000 	C:\Windows\WinSxS\amd64_microsoft.vc90.mfc_1fc8b3b9a1e18e3b_9.0.30729.6161_none_044aad0bab1eb146\mfc90.dll
0x000007fef9d70000 - 0x000007fef9d77000 	C:\Windows\system32\MSIMG32.dll
0x000007fef9920000 - 0x000007fef9991000 	C:\Windows\system32\WINSPOOL.DRV
0x0000000072750000 - 0x0000000072771000 	C:\Program Files\MATLAB\R2011b\bin\win64\mwoles05.DLL
0x000000006e200000 - 0x000000006e275000 	C:\Program Files\MATLAB\R2011b\bin\win64\comcli.dll
0x000000006eaf0000 - 0x000000006eb1f000 	C:\Windows\WinSxS\amd64_microsoft.vc90.atl_1fc8b3b9a1e18e3b_9.0.30729.6161_none_0a1fd3a3a768b895\ATL90.DLL
0x0000000072740000 - 0x000000007274c000 	C:\Program Files\MATLAB\R2011b\bin\win64\mlautoregister.dll
0x0000000004c00000 - 0x0000000004c10000 	C:\Program Files\MATLAB\R2011b\bin\win64\boost_iostreams-vc90-mt-1_44.dll
0x000007fefcb60000 - 0x000007fefcbb7000 	C:\Windows\system32\apphelp.dll
0x000007feee650000 - 0x000007feeeab7000 	C:\Windows\AppPatch\AppPatch64\AcXtrnal.DLL
0x000007fefd930000 - 0x000007fefd95e000 	C:\Windows\system32\IMM32.DLL
0x000007fefd3e0000 - 0x000007fefd4e9000 	C:\Windows\system32\MSCTF.dll
0x000007fefb3b0000 - 0x000007fefb406000 	C:\Windows\system32\UxTheme.dll
0x000007fefae50000 - 0x000007fefae68000 	C:\Windows\system32\dwmapi.dll
0x000000006edc0000 - 0x000000006edcd000 	C:\Windows\WinSxS\amd64_microsoft.vc90.mfcloc_1fc8b3b9a1e18e3b_9.0.30729.6161_none_01c9581e60cbee58\MFC90ENU.DLL
0x0000000004f20000 - 0x0000000004f49000 	C:\Program Files\MATLAB\R2011b\bin\win64\tbbmalloc.dll
0x000007fefcbe0000 - 0x000007fefcbef000 	C:\Windows\system32\profapi.dll
0x000000006e500000 - 0x000000006e503000 	C:\Windows\system32\icmp.Dll
0x000007fefa760000 - 0x000007fefa787000 	C:\Windows\system32\iphlpapi.DLL
0x000007fefa740000 - 0x000007fefa74b000 	C:\Windows\system32\WINNSI.DLL
0x000007fefca40000 - 0x000007fefca65000 	C:\Windows\system32\SspiCli.dll
0x000007fefa8e0000 - 0x000007fefa8f5000 	C:\Windows\system32\NLAapi.dll
0x000007fef73e0000 - 0x000007fef73f5000 	C:\Windows\system32\napinsp.dll
0x000007fef7400000 - 0x000007fef7419000 	C:\Windows\system32\pnrpnsp.dll
0x000007fefc400000 - 0x000007fefc455000 	C:\Windows\System32\mswsock.dll
0x000007fefc290000 - 0x000007fefc2eb000 	C:\Windows\system32\DNSAPI.dll
0x000007fef73d0000 - 0x000007fef73db000 	C:\Windows\System32\winrnr.dll
0x000007fefa600000 - 0x000007fefa653000 	C:\Windows\System32\fwpuclnt.dll
0x000007fef8740000 - 0x000007fef8748000 	C:\Windows\system32\rasadhlp.dll
0x000007fefbde0000 - 0x000007fefbde7000 	C:\Windows\System32\wshtcpip.dll
0x000007fefa5d0000 - 0x000007fefa5e1000 	C:\Windows\system32\dhcpcsvc6.DLL
0x000007fefa550000 - 0x000007fefa568000 	C:\Windows\system32\dhcpcsvc.DLL

VM Arguments:
jvm_args: -Xss512k -XX:PermSize=32m -Xms64m -XX:NewRatio=3 -XX:MaxPermSize=128m -Xmx196m -XX:MaxDirectMemorySize=2147400000 -Dsun.java2d.noddraw=true -Dsun.awt.nopixfmt=true -Xshare:off -Xrs -Dsun.awt.disableMixing=true -Djava.library.path=C:\Program Files\MATLAB\R2011b\bin\win64 vfprintf abort 
java_command: <unknown>
Launcher Type: generic

Environment Variables:
CLASSPATH=.;C:\Program Files (x86)\Java\jre7\lib\ext\QTJava.zip
PATH=C:\Program Files (x86)\NVIDIA Corporation\PhysX\Common;C:\Users\ejp6914-admin\AMD APP SDK\2.9\bin\x86_64;C:\Users\ejp6914-admin\AMD APP SDK\2.9\bin\x86;C:\Program Files (x86)\AMD APP SDK\2.9\bin\x86_64;C:\Program Files (x86)\AMD APP SDK\2.9\bin\x86;C:\Program Files\NVIDIA GPU Computing Toolkit\CUDA\v5.5\bin;C:\Program Files\NVIDIA GPU Computing Toolkit\CUDA\v5.5\libnvvp;C:\Program Files\NVIDIA GPU Computing Toolkit\CUDA\v4.0\bin\;C:\Windows\system32;C:\Windows;C:\Windows\System32\Wbem;C:\Windows\System32\WindowsPowerShell\v1.0\;C:\Program Files\Intel\DMIX;C:\Program Files\MATLAB\R2011b\runtime\win64;C:\Program Files\MATLAB\R2011b\bin;c:\Program Files (x86)\Microsoft SQL Server\100\Tools\Binn\;c:\Program Files\Microsoft SQL Server\100\Tools\Binn\;c:\Program Files\Microsoft SQL Server\100\DTS\Binn\;C:\ProgramData\NVIDIA Corporation\NVIDIA GPU Computing SDK 4.0\C\common\bin;c:\Program Files (x86)\Microsoft SQL Server\90\Tools\binn\;C:\Program Files (x86)\QuickTime\QTSystem\;C:\Program Files (x86)\IVI Foundation\VISA\WinNT\Bin;C:\Program Files\TortoiseSVN\bin;C:\OvenCV\build\bin\;C:\OpenCV\build\x64\vc10\bin;C:\Windows\System32;C:\Program Files (x86)\Git\cmd;C:\Program Files (x86)\CMake 2.8\bin;C:\MinGW\bin;C:\Research\new_cport\opencv\release\bin;C:\Program Files (x86)\MiKTeX 2.9\miktex\bin\;C:\Python33;C:\Program Files (x86)\Vim\vim74;C:\Program Files (x86)\Intel\OpenCL SDK\3.0\bin\x86;C:\Program Files (x86)\Intel\OpenCL SDK\3.0\bin\x64;C:\Program Files (x86)\Microsoft Visual Studio 10.0\VC\bin
USERNAME=ejp6914
OS=Windows_NT
PROCESSOR_IDENTIFIER=Intel64 Family 6 Model 42 Stepping 7, GenuineIntel



---------------  S Y S T E M  ---------------

OS: Windows 7 Build 7601 Service Pack 1

CPU:total 4 (8 cores per cpu, 2 threads per core) family 6 model 42 stepping 7, cmov, cx8, fxsr, mmx, sse, sse2, sse3, ssse3, sse4.1, sse4.2, ht

Memory: 4k page, physical 8369692k(6394700k free), swap 16737520k(14487624k free)

vm_info: Java HotSpot(TM) 64-Bit Server VM (14.3-b01) for windows-amd64 JRE (1.6.0_17-b04), built on Oct 11 2009 00:46:08 by "java_re" with MS VC++ 8.0

time: Sun May 11 15:46:11 2014
elapsed time: 126 seconds

